MPASM  5.11                        DENEME.ASM   11-2-2019  18:23:13         PAGE  1


LOC  OBJECT CODE     LINE SOURCE TEXT
  VALUE

                      00001         list            p=16f877A       
                      00002         #include        <p16f877A.inc>
                      00001         LIST
                      00002 ; P16F877A.INC  Standard Header File, Version 1.00    Microchip Technology, Inc.
                      00400         LIST
Warning[205]: Found directive in column 1. (__CONFIG)
2007   3F31           00003 __CONFIG H'3F31'
Warning[207]: Found label after column 1. (GECIKME1)
  00000020            00004   GECIKME1      EQU     0x20    
  00000021            00005 GECIKME2        EQU     0x21    
  00000022            00006 GECIKME3        EQU     0x22  
  00000023            00007 SAYAC           EQU     0x23
  00000024            00008 SAYAC2          EQU     0x24
  00000024            00009 SAYACK2         EQU     0x24
0000                  00010         ORG     0x000           
0000   0000           00011         NOP
0001   2824           00012         GOTO    BASLA
0004                  00013         ORG     0x004
0004                  00014 GECIKME                         
0004   3008           00015         MOVLW   0x08
0005   00A0           00016         MOVWF   GECIKME1        
                      00017         
0006   302F           00018         MOVLW   0x2F
0007   00A1           00019         MOVWF   GECIKME2
0008   3003           00020         MOVLW   0x03
0009   00A2           00021         MOVWF   GECIKME3
000A                  00022 DONGU1
000A   0BA0           00023         DECFSZ  GECIKME1,1
000B   280D           00024         GOTO    $+2
000C   0BA1           00025         DECFSZ  GECIKME2,1
000D   280F           00026         GOTO    $+2
000E   0BA2           00027         DECFSZ  GECIKME3,1
000F   280A           00028         GOTO    DONGU1
                      00029         
0010   0000           00030         NOP
0011   0000           00031         NOP
0012   0000           00032         NOP     
0013   0008           00033         RETURN
                      00034 
0014                  00035 AYARLAR
                      00036 
0014   1683 1303      00037         BANKSEL TRISA
0016   3006           00038         MOVLW   0x06
Message[302]: Register in operand not in bank 0.  Ensure that bank bits are correct.
0017   009F           00039         MOVWF   ADCON1          ; ADC PASIF
0018   3030           00040         MOVLW   b'110000'       ; RA4-5 GIRIS
Message[302]: Register in operand not in bank 0.  Ensure that bank bits are correct.
0019   0085           00041         MOVWF   TRISA
001A   1283 1303      00042         BANKSEL PORTA
001C   0185           00043         CLRF PORTA
001D   1683 1303      00044         BANKSEL TRISB
Message[302]: Register in operand not in bank 0.  Ensure that bank bits are correct.
001F   0186           00045         CLRF TRISB
MPASM  5.11                        DENEME.ASM   11-2-2019  18:23:13         PAGE  2


LOC  OBJECT CODE     LINE SOURCE TEXT
  VALUE

0020   1283 1303      00046         BANKSEL PORTB 
0022   0186           00047         CLRF PORTB
0023   0008           00048         RETURN
                      00049 
                      00050         
0024                  00051 BASLA
                      00052         
0024   2014           00053         CALL AYARLAR
                      00054         
0025                  00055 TEST
                      00056 
0025   1A05           00057         BTFSC PORTA,4
0026   282B           00058         GOTO GERI
0027   1E85           00059         BTFSS PORTA,5   
0028   2825           00060         GOTO TEST
0029   2838           00061         GOTO ILERI      
002A   2825           00062         GOTO TEST
                      00063 
                      00064 
002B                  00065 GERI
                      00066 
002B   03A3           00067         DECF SAYAC,F
002C   0823           00068         MOVF SAYAC,W
002D   0086           00069         MOVWF PORTB
002E   3CFF           00070         SUBLW D'255'
002F   2004           00071         CALL GECIKME
0030   1D03           00072         BTFSS STATUS,Z  
0031   2825           00073         GOTO TEST
0032   2833           00074         GOTO KONTROL2
                      00075         
                      00076         
                      00077 
0033                  00078 KONTROL2
                      00079 
Message[305]: Using default destination of 1 (file).
0033   03A4           00080         DECF SAYAC2
0034   0824           00081         MOVF SAYAC2,W
0035   0085           00082         MOVWF PORTA
0036   2004           00083         CALL GECIKME
0037   2825           00084         GOTO TEST
                      00085 
0038                  00086 ILERI
                      00087                 
0038   0AA3           00088         INCF SAYAC,F
0039   0823           00089         MOVF SAYAC,W
003A   0086           00090         MOVWF PORTB
Warning[202]: Argument out of range.  Least significant bits used.
003B   3C00           00091         SUBLW D'256'    
003C   2004           00092         CALL GECIKME
003D   1D03           00093         BTFSS STATUS,Z
003E   2825           00094         GOTO TEST
003F   2840           00095         GOTO KONTROL            
                      00096 
MPASM  5.11                        DENEME.ASM   11-2-2019  18:23:13         PAGE  3


LOC  OBJECT CODE     LINE SOURCE TEXT
  VALUE

0040                  00097 KONTROL
                      00098         
0040   0AA4           00099         INCF SAYAC2,F
0041   0824           00100         MOVF SAYAC2,W
0042   0085           00101         MOVWF PORTA
0043   2004           00102         CALL GECIKME
0044   2838           00103         GOTO ILERI
                      00104 
                      00105 
                      00106 
Warning[205]: Found directive in column 1. (END)
                      00107 END
MPASM  5.11                        DENEME.ASM   11-2-2019  18:23:13         PAGE  4


SYMBOL TABLE
  LABEL                             VALUE 

ACKDT                             00000005
ACKEN                             00000004
ACKSTAT                           00000006
ADCON0                            0000001F
ADCON1                            0000009F
ADCS0                             00000006
ADCS1                             00000007
ADCS2                             00000006
ADDEN                             00000003
ADFM                              00000007
ADIE                              00000006
ADIF                              00000006
ADON                              00000000
ADRESH                            0000001E
ADRESL                            0000009E
AYARLAR                           00000014
BASLA                             00000024
BCLIE                             00000003
BCLIF                             00000003
BF                                00000000
BRGH                              00000002
C                                 00000000
C1INV                             00000004
C1OUT                             00000006
C2INV                             00000005
C2OUT                             00000007
CCP1CON                           00000017
CCP1IE                            00000002
CCP1IF                            00000002
CCP1M0                            00000000
CCP1M1                            00000001
CCP1M2                            00000002
CCP1M3                            00000003
CCP1X                             00000005
CCP1Y                             00000004
CCP2CON                           0000001D
CCP2IE                            00000000
CCP2IF                            00000000
CCP2M0                            00000000
CCP2M1                            00000001
CCP2M2                            00000002
CCP2M3                            00000003
CCP2X                             00000005
CCP2Y                             00000004
CCPR1H                            00000016
CCPR1L                            00000015
CCPR2H                            0000001C
CCPR2L                            0000001B
CHS0                              00000003
CHS1                              00000004
CHS2                              00000005
CIS                               00000003
CKE                               00000006
MPASM  5.11                        DENEME.ASM   11-2-2019  18:23:13         PAGE  5


SYMBOL TABLE
  LABEL                             VALUE 

CKP                               00000004
CM0                               00000000
CM1                               00000001
CM2                               00000002
CMCON                             0000009C
CMIE                              00000006
CMIF                              00000006
CREN                              00000004
CSRC                              00000007
CVR0                              00000000
CVR1                              00000001
CVR2                              00000002
CVR3                              00000003
CVRCON                            0000009D
CVREN                             00000007
CVROE                             00000006
CVRR                              00000005
D                                 00000005
DATA_ADDRESS                      00000005
DC                                00000001
DONGU1                            0000000A
D_A                               00000005
EEADR                             0000010D
EEADRH                            0000010F
EECON1                            0000018C
EECON2                            0000018D
EEDATA                            0000010C
EEDATH                            0000010E
EEIE                              00000004
EEIF                              00000004
EEPGD                             00000007
F                                 00000001
FERR                              00000002
FSR                               00000004
GCEN                              00000007
GECIKME                           00000004
GECIKME1                          00000020
GECIKME2                          00000021
GECIKME3                          00000022
GERI                              0000002B
GIE                               00000007
GO                                00000002
GO_DONE                           00000002
I2C_DATA                          00000005
I2C_READ                          00000002
I2C_START                         00000003
I2C_STOP                          00000004
IBF                               00000007
IBOV                              00000005
ILERI                             00000038
INDF                              00000000
INTCON                            0000000B
INTE                              00000004
MPASM  5.11                        DENEME.ASM   11-2-2019  18:23:13         PAGE  6


SYMBOL TABLE
  LABEL                             VALUE 

INTEDG                            00000006
INTF                              00000001
IRP                               00000007
KONTROL                           00000040
KONTROL2                          00000033
NOT_A                             00000005
NOT_ADDRESS                       00000005
NOT_BO                            00000000
NOT_BOR                           00000000
NOT_DONE                          00000002
NOT_PD                            00000003
NOT_POR                           00000001
NOT_RBPU                          00000007
NOT_RC8                           00000006
NOT_T1SYNC                        00000002
NOT_TO                            00000004
NOT_TX8                           00000006
NOT_W                             00000002
NOT_WRITE                         00000002
OBF                               00000006
OERR                              00000001
OPTION_REG                        00000081
P                                 00000004
PCFG0                             00000000
PCFG1                             00000001
PCFG2                             00000002
PCFG3                             00000003
PCL                               00000002
PCLATH                            0000000A
PCON                              0000008E
PEIE                              00000006
PEN                               00000002
PIE1                              0000008C
PIE2                              0000008D
PIR1                              0000000C
PIR2                              0000000D
PORTA                             00000005
PORTB                             00000006
PORTC                             00000007
PORTD                             00000008
PORTE                             00000009
PR2                               00000092
PS0                               00000000
PS1                               00000001
PS2                               00000002
PSA                               00000003
PSPIE                             00000007
PSPIF                             00000007
PSPMODE                           00000004
R                                 00000002
RBIE                              00000003
RBIF                              00000000
RC8_9                             00000006
MPASM  5.11                        DENEME.ASM   11-2-2019  18:23:13         PAGE  7


SYMBOL TABLE
  LABEL                             VALUE 

RC9                               00000006
RCD8                              00000000
RCEN                              00000003
RCIE                              00000005
RCIF                              00000005
RCREG                             0000001A
RCSTA                             00000018
RD                                00000000
READ_WRITE                        00000002
RP0                               00000005
RP1                               00000006
RSEN                              00000001
RX9                               00000006
RX9D                              00000000
R_W                               00000002
S                                 00000003
SAYAC                             00000023
SAYAC2                            00000024
SAYACK2                           00000024
SEN                               00000000
SMP                               00000007
SPBRG                             00000099
SPEN                              00000007
SREN                              00000005
SSPADD                            00000093
SSPBUF                            00000013
SSPCON                            00000014
SSPCON2                           00000091
SSPEN                             00000005
SSPIE                             00000003
SSPIF                             00000003
SSPM0                             00000000
SSPM1                             00000001
SSPM2                             00000002
SSPM3                             00000003
SSPOV                             00000006
SSPSTAT                           00000094
STATUS                            00000003
SYNC                              00000004
T0CS                              00000005
T0IE                              00000005
T0IF                              00000002
T0SE                              00000004
T1CKPS0                           00000004
T1CKPS1                           00000005
T1CON                             00000010
T1INSYNC                          00000002
T1OSCEN                           00000003
T1SYNC                            00000002
T2CKPS0                           00000000
T2CKPS1                           00000001
T2CON                             00000012
TEST                              00000025
MPASM  5.11                        DENEME.ASM   11-2-2019  18:23:13         PAGE  8


SYMBOL TABLE
  LABEL                             VALUE 

TMR0                              00000001
TMR0IE                            00000005
TMR0IF                            00000002
TMR1CS                            00000001
TMR1H                             0000000F
TMR1IE                            00000000
TMR1IF                            00000000
TMR1L                             0000000E
TMR1ON                            00000000
TMR2                              00000011
TMR2IE                            00000001
TMR2IF                            00000001
TMR2ON                            00000002
TOUTPS0                           00000003
TOUTPS1                           00000004
TOUTPS2                           00000005
TOUTPS3                           00000006
TRISA                             00000085
TRISB                             00000086
TRISC                             00000087
TRISD                             00000088
TRISE                             00000089
TRISE0                            00000000
TRISE1                            00000001
TRISE2                            00000002
TRMT                              00000001
TX8_9                             00000006
TX9                               00000006
TX9D                              00000000
TXD8                              00000000
TXEN                              00000005
TXIE                              00000004
TXIF                              00000004
TXREG                             00000019
TXSTA                             00000098
UA                                00000001
W                                 00000000
WCOL                              00000007
WR                                00000001
WREN                              00000002
WRERR                             00000003
Z                                 00000002
_BODEN_OFF                        00003FBF
_BODEN_ON                         00003FFF
_CPD_OFF                          00003FFF
_CPD_ON                           00003EFF
_CP_ALL                           00001FFF
_CP_OFF                           00003FFF
_DEBUG_OFF                        00003FFF
_DEBUG_ON                         000037FF
_HS_OSC                           00003FFE
_LP_OSC                           00003FFC
_LVP_OFF                          00003F7F
MPASM  5.11                        DENEME.ASM   11-2-2019  18:23:13         PAGE  9


SYMBOL TABLE
  LABEL                             VALUE 

_LVP_ON                           00003FFF
_PWRTE_OFF                        00003FFF
_PWRTE_ON                         00003FF7
_RC_OSC                           00003FFF
_WDT_OFF                          00003FFB
_WDT_ON                           00003FFF
_WRT_1FOURTH                      00003BFF
_WRT_256                          00003DFF
_WRT_HALF                         000039FF
_WRT_OFF                          00003FFF
_XT_OSC                           00003FFD
__16F877A                         00000001


MEMORY USAGE MAP ('X' = Used,  '-' = Unused)

0000 : XX--XXXXXXXXXXXX XXXXXXXXXXXXXXXX XXXXXXXXXXXXXXXX XXXXXXXXXXXXXXXX
0040 : XXXXX----------- ---------------- ---------------- ----------------
2000 : -------X-------- ---------------- ---------------- ----------------

All other memory blocks unused.

Program Memory Words Used:    67
Program Memory Words Free:  8125


Errors   :     0
Warnings :     4 reported,     0 suppressed
Messages :     4 reported,     0 suppressed

